[2021/12/11 11:09:12.917] - Starting server with initial configuration: {"gasLimit":6721975,"gasPrice":20000000000,"hardfork":"muirGlacier","hostname":"127.0.0.1","port":9545,"network_id":42,"default_balance_ether":100,"total_accounts":10,"unlocked_accounts":[],"locked":false,"vmErrorsOnRPCResponse":true,"verbose":false,"db_path":"/Users/danielbrown/Library/Application Support/Ganache/workspaces/offbeat-fruit/chaindata","logDirectory":"/Users/danielbrown/ETB"}
[2021/12/11 11:09:13.039] - eth_getCode
[2021/12/11 11:09:13.040] - eth_subscribe
[2021/12/11 11:09:13.040] - eth_getLogs
[2021/12/11 11:09:13.041] - eth_subscribe
[2021/12/11 11:09:13.059] - eth_getCode
[2021/12/11 11:09:13.081] - eth_subscribe
[2021/12/11 11:09:13.081] - eth_getLogs
[2021/12/11 11:09:13.081] - eth_subscribe
[2021/12/11 11:09:13.085] - eth_getCode
[2021/12/11 11:09:13.091] - eth_getCode
[2021/12/11 11:09:13.145] - eth_blockNumber
[2021/12/11 11:09:13.146] - eth_accounts
[2021/12/11 11:09:13.146] - eth_blockNumber
[2021/12/11 11:09:13.146] - eth_gasPrice
[2021/12/11 11:09:13.146] - eth_accounts
[2021/12/11 11:09:13.146] - eth_getBlockByNumber
[2021/12/11 11:09:13.146] - eth_gasPrice
[2021/12/11 11:09:13.147] - eth_subscribe
[2021/12/11 11:09:13.147] - eth_getBlockByNumber
[2021/12/11 11:09:13.147] - eth_subscribe
[2021/12/11 11:09:13.162] - eth_accounts
[2021/12/11 11:09:13.193] - eth_getBalance
[2021/12/11 11:09:13.195] - eth_getTransactionCount
[2021/12/11 11:09:13.197] - eth_getBalance
[2021/12/11 11:09:13.207] - eth_getTransactionCount
[2021/12/11 11:09:13.208] - eth_getBalance
[2021/12/11 11:09:13.208] - eth_getTransactionCount
[2021/12/11 11:09:13.209] - eth_getBalance
[2021/12/11 11:09:13.211] - eth_getTransactionCount
[2021/12/11 11:09:13.214] - eth_getBalance
[2021/12/11 11:09:13.217] - eth_getTransactionCount
[2021/12/11 11:09:13.219] - eth_getBalance
[2021/12/11 11:09:13.221] - eth_getTransactionCount
[2021/12/11 11:09:13.227] - eth_getBalance
[2021/12/11 11:09:13.229] - eth_getTransactionCount
[2021/12/11 11:09:13.237] - eth_getBalance
[2021/12/11 11:09:13.241] - eth_getTransactionCount
[2021/12/11 11:09:13.248] - eth_getBalance
[2021/12/11 11:09:13.252] - eth_getTransactionCount
[2021/12/11 11:09:13.259] - eth_getBalance
[2021/12/11 11:09:13.260] - eth_getTransactionCount
[2021/12/11 11:09:13.271] - eth_getBalance
[2021/12/11 11:09:13.273] - eth_getTransactionCount
[2021/12/11 11:09:13.276] - eth_getBalance
[2021/12/11 11:09:13.279] - eth_getTransactionCount
[2021/12/11 11:09:13.282] - eth_getBalance
[2021/12/11 11:09:13.286] - eth_getTransactionCount
[2021/12/11 11:09:13.287] - eth_getBalance
[2021/12/11 11:09:13.290] - eth_getTransactionCount
[2021/12/11 11:09:13.291] - eth_getBalance
[2021/12/11 11:09:13.294] - eth_getTransactionCount
[2021/12/11 11:09:13.297] - eth_getBalance
[2021/12/11 11:09:13.299] - eth_getTransactionCount
[2021/12/11 11:09:13.301] - eth_getBalance
[2021/12/11 11:09:13.304] - eth_getTransactionCount
[2021/12/11 11:09:13.307] - eth_getBalance
[2021/12/11 11:09:13.310] - eth_getTransactionCount
[2021/12/11 11:09:13.311] - eth_getBalance
[2021/12/11 11:09:13.315] - eth_getTransactionCount
[2021/12/11 11:09:13.318] - eth_getBalance
[2021/12/11 11:09:13.320] - eth_getTransactionCount
[2021/12/11 11:09:13.323] - eth_getBalance
[2021/12/11 11:09:13.325] - eth_getTransactionCount
[2021/12/11 11:09:13.330] - eth_getBalance
[2021/12/11 11:09:13.335] - eth_getTransactionCount
[2021/12/11 11:09:13.338] - eth_getBalance
[2021/12/11 11:09:13.348] - eth_getTransactionCount
[2021/12/11 11:09:13.351] - eth_getBalance
[2021/12/11 11:09:13.353] - eth_getTransactionCount
[2021/12/11 11:09:13.360] - eth_getBalance
[2021/12/11 11:09:13.361] - eth_getTransactionCount
[2021/12/11 11:09:13.364] - eth_getBalance
[2021/12/11 11:09:13.366] - eth_getTransactionCount
[2021/12/11 11:09:13.375] - eth_getBalance
[2021/12/11 11:09:13.383] - eth_getTransactionCount
[2021/12/11 11:09:13.386] - eth_getBalance
[2021/12/11 11:09:13.388] - eth_getTransactionCount
[2021/12/11 11:09:13.394] - eth_getBalance
[2021/12/11 11:09:13.402] - eth_getTransactionCount
[2021/12/11 11:09:13.404] - eth_getBalance
[2021/12/11 11:09:13.407] - eth_getTransactionCount
[2021/12/11 11:09:13.484] - eth_getTransactionCount
[2021/12/11 11:09:13.486] - eth_getBalance
[2021/12/11 11:09:13.488] - eth_getTransactionCount
[2021/12/11 11:09:13.492] - eth_getBalance
[2021/12/11 11:09:13.494] - eth_getTransactionCount
[2021/12/11 11:09:13.496] - eth_getBalance
[2021/12/11 11:09:13.499] - eth_getTransactionCount
[2021/12/11 11:09:13.501] - eth_getBalance
[2021/12/11 11:09:13.504] - eth_getTransactionCount
[2021/12/11 11:09:13.506] - eth_getBalance
[2021/12/11 11:09:13.508] - eth_getTransactionCount
[2021/12/11 11:09:13.511] - eth_getBalance
[2021/12/11 11:09:13.516] - eth_getTransactionCount
[2021/12/11 11:09:13.517] - eth_getBalance
[2021/12/11 11:09:13.526] - eth_getTransactionCount
[2021/12/11 11:09:13.527] - eth_getBalance
[2021/12/11 11:09:13.527] - eth_getTransactionCount
[2021/12/11 11:09:13.527] - eth_getBalance
[2021/12/11 11:09:13.528] - eth_getTransactionCount
[2021/12/11 11:09:33.467] - eth_getBlockByNumber
[2021/12/11 11:09:33.502] - eth_getBlockTransactionCountByHash
[2021/12/11 11:09:35.594] - eth_getBlockByNumber
[2021/12/11 11:13:57.306] - eth_getBalance
[2021/12/11 11:13:57.369] - net_version
[2021/12/11 11:13:57.373] - eth_getCode
[2021/12/11 11:13:57.375] - eth_getBlockByNumber
[2021/12/11 11:13:57.383] - eth_getBalance
[2021/12/11 11:13:57.394] - eth_getTransactionCount
[2021/12/11 11:13:57.397] - eth_getStorageAt
[2021/12/11 11:13:57.400] - eth_getStorageAt
[2021/12/11 11:14:07.183] - eth_getBalance
[2021/12/11 11:14:07.234] - net_version
[2021/12/11 11:14:07.237] - eth_getCode
[2021/12/11 11:14:07.240] - eth_getBlockByNumber
[2021/12/11 11:14:07.242] - eth_getBalance
[2021/12/11 11:14:07.244] - eth_getTransactionCount
[2021/12/11 11:14:07.248] - eth_getStorageAt
[2021/12/11 11:14:07.251] - eth_getStorageAt
[2021/12/11 11:14:07.254] - eth_getStorageAt
[2021/12/11 11:14:21.951] - net_version
[2021/12/11 11:14:21.956] - eth_getCode
[2021/12/11 11:14:21.960] - eth_getBlockByNumber
[2021/12/11 11:14:21.963] - eth_getBalance
[2021/12/11 11:14:21.965] - eth_getTransactionCount
[2021/12/11 11:14:21.967] - eth_getStorageAt
[2021/12/11 11:14:21.969] - eth_getStorageAt
[2021/12/11 11:14:21.972] - eth_getStorageAt
[2021/12/11 11:14:26.962] - eth_getLogs
[2021/12/11 11:19:46.919] - net_version
[2021/12/11 11:19:46.923] - eth_getCode
[2021/12/11 11:19:46.929] - eth_getBlockByNumber
[2021/12/11 11:19:46.932] - eth_getBalance
[2021/12/11 11:19:46.934] - eth_getTransactionCount
[2021/12/11 11:19:46.937] - eth_getStorageAt
[2021/12/11 11:19:46.940] - eth_getStorageAt
[2021/12/11 11:20:40.958] - eth_getBalance
[2021/12/11 11:20:41.012] - net_version
[2021/12/11 11:20:41.015] - eth_getCode
[2021/12/11 11:20:41.017] - eth_getBlockByNumber
[2021/12/11 11:20:41.019] - eth_getBalance
[2021/12/11 11:20:41.021] - eth_getTransactionCount
[2021/12/11 11:20:41.024] - eth_getStorageAt
[2021/12/11 11:20:41.027] - eth_getStorageAt
[2021/12/11 11:20:53.469] - eth_getBalance
[2021/12/11 11:20:53.529] - net_version
[2021/12/11 11:20:53.532] - eth_getCode
[2021/12/11 11:20:53.534] - eth_getBlockByNumber
[2021/12/11 11:20:53.537] - eth_getBalance
[2021/12/11 11:20:53.539] - eth_getTransactionCount
[2021/12/11 11:20:53.541] - eth_getStorageAt
[2021/12/11 11:20:53.544] - eth_getStorageAt
[2021/12/11 11:20:53.547] - eth_getStorageAt
